Build started 6/24/2014 11:37:19 AM.
     1>Project "C:\Users\elc58\Desktop\SketchDemo\SketchDemo\SketchDemo.vcxproj" on node 2 (Build target(s)).
     1>ClCompile:
         C:\Program Files (x86)\Microsoft Visual Studio 10.0\VC\bin\x86_amd64\CL.exe /c /I.\GeneratedFiles /I. /IC:\Qt\5.3\qtbase\include /I.\GeneratedFiles\Debug /IC:\Qt\5.3\qtbase\include\QtCore /IC:\Qt\5.3\qtbase\include\QtGui /IC:\Qt\5.3\qtbase\include\QtOpenGL /IC:\Qt\5.3\qtbase\include\QtPrintSupport /IC:\Qt\5.3\qtbase\include\QtWidgets /Zi /nologo /W1 /WX- /Od /D UNICODE /D WIN32 /D WIN64 /D QT_DLL /D QT_CORE_LIB /D QT_GUI_LIB /D QT_OPENGL_LIB /D QT_PRINTSUPPORT_LIB /D QT_WIDGETS_LIB /Gm- /EHsc /MDd /GS /fp:precise /Zc:wchar_t- /Zc:forScope /Fo"x64\Debug\\" /Fd"x64\Debug\vc100.pdb" /Gd /TP /errorReport:prompt sketchdemo.cpp
         sketchdemo.cpp
       Link:
         C:\Program Files (x86)\Microsoft Visual Studio 10.0\VC\bin\x86_amd64\link.exe /ERRORREPORT:PROMPT /OUT:"C:\Users\elc58\Desktop\SketchDemo\x64\Debug\\SketchDemo.exe" /NOLOGO /LIBPATH:C:\Qt\5.3\qtbase\lib Qt5Cored.lib Qt5Guid.lib Qt5OpenGLd.lib opengl32.lib glu32.lib Qt5PrintSupportd.lib Qt5Widgetsd.lib kernel32.lib user32.lib gdi32.lib winspool.lib comdlg32.lib advapi32.lib shell32.lib ole32.lib oleaut32.lib uuid.lib odbc32.lib odbccp32.lib /MANIFEST /ManifestFile:"x64\Debug\SketchDemo.exe.intermediate.manifest" /MANIFESTUAC:"level='asInvoker' uiAccess='false'" /DEBUG /PDB:"C:\Users\elc58\Desktop\SketchDemo\x64\Debug\SketchDemo.pdb" /SUBSYSTEM:CONSOLE /TLBID:1 /DYNAMICBASE /NXCOMPAT /IMPLIB:"C:\Users\elc58\Desktop\SketchDemo\x64\Debug\SketchDemo.lib" /MACHINE:X64 x64\Debug\moc_scribblearea.obj
         x64\Debug\moc_sketchdemo.obj
         x64\Debug\qrc_sketchdemo.obj
         x64\Debug\InkCollection.obj
         x64\Debug\main.obj
         x64\Debug\scribblearea.obj
         x64\Debug\sketchdemo.obj
         LINK : C:\Users\elc58\Desktop\SketchDemo\x64\Debug\\SketchDemo.exe not found or not built by the last incremental link; performing full link
         SketchDemo.vcxproj -> C:\Users\elc58\Desktop\SketchDemo\x64\Debug\SketchDemo.exe
       Manifest:
         C:\Program Files (x86)\Microsoft SDKs\Windows\v7.0A\bin\mt.exe /nologo /verbose /outputresource:"C:\Users\elc58\Desktop\SketchDemo\x64\Debug\\SketchDemo.exe;#1" /manifest x64\Debug\SketchDemo.exe.intermediate.manifest
     1>Done Building Project "C:\Users\elc58\Desktop\SketchDemo\SketchDemo\SketchDemo.vcxproj" (Build target(s)).

Build succeeded.

Time Elapsed 00:00:05.25
