C:\USERS\ELC58\DESKTOP\SKETCHDEMO\SKETCHDEMO\X64\DEBUG\SKETCHDEMO.OBJ
C:\USERS\ELC58\DESKTOP\SKETCHDEMO\SKETCHDEMO\X64\DEBUG\SCRIBBLEAREA.OBJ
C:\USERS\ELC58\DESKTOP\SKETCHDEMO\SKETCHDEMO\X64\DEBUG\MAIN.OBJ
C:\USERS\ELC58\DESKTOP\SKETCHDEMO\SKETCHDEMO\X64\DEBUG\MOC_SKETCHDEMO.OBJ
C:\USERS\ELC58\DESKTOP\SKETCHDEMO\SKETCHDEMO\X64\DEBUG\MOC_SCRIBBLEAREA.OBJ
C:\USERS\ELC58\DESKTOP\SKETCHDEMO\SKETCHDEMO\X64\DEBUG\VC100.PDB
C:\USERS\ELC58\DESKTOP\SKETCHDEMO\SKETCHDEMO\X64\DEBUG\QRC_SKETCHDEMO.OBJ
C:\USERS\ELC58\DESKTOP\SKETCHDEMO\SKETCHDEMO\GENERATEDFILES\DEBUG\MOC_SKETCHDEMO.CPP
C:\USERS\ELC58\DESKTOP\SKETCHDEMO\SKETCHDEMO\GENERATEDFILES\UI_SKETCHDEMO.H
C:\USERS\ELC58\DESKTOP\SKETCHDEMO\SKETCHDEMO\GENERATEDFILES\DEBUG\MOC_SCRIBBLEAREA.CPP
C:\USERS\ELC58\DESKTOP\SKETCHDEMO\SKETCHDEMO\GENERATEDFILES\QRC_SKETCHDEMO.CPP
C:\Users\elc58\Desktop\SketchDemo\SketchDemo\x64\Debug\main.obj
C:\Users\elc58\Desktop\SketchDemo\SketchDemo\x64\Debug\moc_scribblearea.obj
C:\Users\elc58\Desktop\SketchDemo\SketchDemo\x64\Debug\moc_sketchdemo.obj
C:\Users\elc58\Desktop\SketchDemo\SketchDemo\x64\Debug\qrc_sketchdemo.obj
C:\Users\elc58\Desktop\SketchDemo\SketchDemo\x64\Debug\scribblearea.obj
C:\Users\elc58\Desktop\SketchDemo\SketchDemo\x64\Debug\sketchdemo.obj
C:\Users\elc58\Desktop\SketchDemo\SketchDemo\x64\Debug\cl.command.1.tlog
C:\Users\elc58\Desktop\SketchDemo\SketchDemo\x64\Debug\CL.read.1.tlog
C:\Users\elc58\Desktop\SketchDemo\SketchDemo\x64\Debug\CL.write.1.tlog
C:\Users\elc58\Desktop\SketchDemo\SketchDemo\x64\Debug\custombuild.command.1.tlog
C:\Users\elc58\Desktop\SketchDemo\SketchDemo\x64\Debug\custombuild.read.1.tlog
C:\Users\elc58\Desktop\SketchDemo\SketchDemo\x64\Debug\custombuild.write.1.tlog
C:\Users\elc58\Desktop\SketchDemo\SketchDemo\x64\Debug\link.command.1.tlog
C:\Users\elc58\Desktop\SketchDemo\SketchDemo\x64\Debug\link.read.1.tlog
C:\Users\elc58\Desktop\SketchDemo\SketchDemo\x64\Debug\link.write.1.tlog
C:\Users\elc58\Desktop\SketchDemo\SketchDemo\x64\Debug\SketchDemo.exe.intermediate.manifest
C:\Users\elc58\Desktop\SketchDemo\SketchDemo\x64\Debug\vc100.pdb
C:\Users\elc58\Desktop\SketchDemo\x64\Debug\SketchDemo.pdb
